{"/Users/mkazi/AI-SDK-PROJECTS/projects/03-dev-squad/src/lib/openai.ts": {"path":"/Users/mkazi/AI-SDK-PROJECTS/projects/03-dev-squad/src/lib/openai.ts","statementMap":{"0":{"start":{"line":13,"column":0},"end":{"line":13,"column":7}},"1":{"start":{"line":26,"column":0},"end":{"line":26,"column":7}},"2":{"start":{"line":35,"column":0},"end":{"line":35,"column":7}},"3":{"start":{"line":1,"column":0},"end":{"line":1,"column":28}},"4":{"start":{"line":2,"column":0},"end":{"line":2,"column":53}},"5":{"start":{"line":4,"column":13},"end":{"line":4,"column":61}},"6":{"start":{"line":14,"column":19},"end":{"line":14,"column":222}},"7":{"start":{"line":15,"column":21},"end":{"line":22,"column":6}},"8":{"start":{"line":23,"column":4},"end":{"line":23,"column":67}},"9":{"start":{"line":27,"column":19},"end":{"line":27,"column":146}},"10":{"start":{"line":28,"column":21},"end":{"line":31,"column":6}},"11":{"start":{"line":32,"column":4},"end":{"line":32,"column":53}},"12":{"start":{"line":36,"column":19},"end":{"line":36,"column":103}},"13":{"start":{"line":37,"column":21},"end":{"line":40,"column":6}},"14":{"start":{"line":41,"column":4},"end":{"line":41,"column":53}}},"fnMap":{"0":{"name":"reviewCode","decl":{"start":{"line":13,"column":22},"end":{"line":13,"column":32}},"loc":{"start":{"line":13,"column":63},"end":{"line":24,"column":1}}},"1":{"name":"generateTests","decl":{"start":{"line":26,"column":22},"end":{"line":26,"column":35}},"loc":{"start":{"line":26,"column":66},"end":{"line":33,"column":1}}},"2":{"name":"explainCode","decl":{"start":{"line":35,"column":22},"end":{"line":35,"column":33}},"loc":{"start":{"line":35,"column":64},"end":{"line":42,"column":1}}}},"branchMap":{"0":{"loc":{"start":{"line":23,"column":22},"end":{"line":23,"column":65}},"type":"binary-expr","locations":[{"start":{"line":23,"column":22},"end":{"line":23,"column":57}},{"start":{"line":23,"column":61},"end":{"line":23,"column":65}}]},"1":{"loc":{"start":{"line":32,"column":11},"end":{"line":32,"column":52}},"type":"binary-expr","locations":[{"start":{"line":32,"column":11},"end":{"line":32,"column":46}},{"start":{"line":32,"column":50},"end":{"line":32,"column":52}}]},"2":{"loc":{"start":{"line":41,"column":11},"end":{"line":41,"column":52}},"type":"binary-expr","locations":[{"start":{"line":41,"column":11},"end":{"line":41,"column":46}},{"start":{"line":41,"column":50},"end":{"line":41,"column":52}}]}},"s":{"0":1,"1":1,"2":1,"3":1,"4":1,"5":1,"6":10,"7":10,"8":9,"9":6,"10":6,"11":5,"12":7,"13":7,"14":6},"f":{"0":10,"1":6,"2":7},"b":{"0":[9,1],"1":[5,3],"2":[6,3]}}
,"/Users/mkazi/AI-SDK-PROJECTS/projects/03-dev-squad/src/routes/api/explain/+server.ts": {"path":"/Users/mkazi/AI-SDK-PROJECTS/projects/03-dev-squad/src/routes/api/explain/+server.ts","statementMap":{"0":{"start":{"line":4,"column":0},"end":{"line":4,"column":7}},"1":{"start":{"line":1,"column":0},"end":{"line":1,"column":37}},"2":{"start":{"line":2,"column":0},"end":{"line":2,"column":42}},"3":{"start":{"line":5,"column":31},"end":{"line":5,"column":51}},"4":{"start":{"line":6,"column":4},"end":{"line":11,"column":5}},"5":{"start":{"line":7,"column":23},"end":{"line":7,"column":56}},"6":{"start":{"line":8,"column":8},"end":{"line":8,"column":45}},"7":{"start":{"line":10,"column":8},"end":{"line":10,"column":70}}},"fnMap":{"0":{"name":"POST","decl":{"start":{"line":4,"column":22},"end":{"line":4,"column":26}},"loc":{"start":{"line":4,"column":38},"end":{"line":12,"column":1}}}},"branchMap":{},"s":{"0":1,"1":1,"2":1,"3":11,"4":11,"5":11,"6":8,"7":3},"f":{"0":11},"b":{}}
,"/Users/mkazi/AI-SDK-PROJECTS/projects/03-dev-squad/src/routes/api/generate-tests/+server.ts": {"path":"/Users/mkazi/AI-SDK-PROJECTS/projects/03-dev-squad/src/routes/api/generate-tests/+server.ts","statementMap":{"0":{"start":{"line":4,"column":0},"end":{"line":4,"column":7}},"1":{"start":{"line":1,"column":0},"end":{"line":1,"column":37}},"2":{"start":{"line":2,"column":0},"end":{"line":2,"column":44}},"3":{"start":{"line":5,"column":31},"end":{"line":5,"column":51}},"4":{"start":{"line":6,"column":4},"end":{"line":11,"column":5}},"5":{"start":{"line":7,"column":23},"end":{"line":7,"column":58}},"6":{"start":{"line":8,"column":8},"end":{"line":8,"column":39}},"7":{"start":{"line":10,"column":8},"end":{"line":10,"column":74}}},"fnMap":{"0":{"name":"POST","decl":{"start":{"line":4,"column":22},"end":{"line":4,"column":26}},"loc":{"start":{"line":4,"column":38},"end":{"line":12,"column":1}}}},"branchMap":{},"s":{"0":1,"1":1,"2":1,"3":11,"4":11,"5":11,"6":8,"7":3},"f":{"0":11},"b":{}}
,"/Users/mkazi/AI-SDK-PROJECTS/projects/03-dev-squad/src/routes/api/review/+server.ts": {"path":"/Users/mkazi/AI-SDK-PROJECTS/projects/03-dev-squad/src/routes/api/review/+server.ts","statementMap":{"0":{"start":{"line":4,"column":0},"end":{"line":4,"column":7}},"1":{"start":{"line":1,"column":0},"end":{"line":1,"column":37}},"2":{"start":{"line":2,"column":0},"end":{"line":2,"column":41}},"3":{"start":{"line":5,"column":31},"end":{"line":5,"column":51}},"4":{"start":{"line":6,"column":4},"end":{"line":11,"column":5}},"5":{"start":{"line":7,"column":23},"end":{"line":7,"column":55}},"6":{"start":{"line":8,"column":8},"end":{"line":8,"column":28}},"7":{"start":{"line":10,"column":8},"end":{"line":10,"column":65}}},"fnMap":{"0":{"name":"POST","decl":{"start":{"line":4,"column":22},"end":{"line":4,"column":26}},"loc":{"start":{"line":4,"column":38},"end":{"line":12,"column":1}}}},"branchMap":{},"s":{"0":1,"1":1,"2":1,"3":10,"4":10,"5":10,"6":7,"7":3},"f":{"0":10},"b":{}}
,"/Users/mkazi/AI-SDK-PROJECTS/projects/03-dev-squad/src/routes/health/+server.ts": {"path":"/Users/mkazi/AI-SDK-PROJECTS/projects/03-dev-squad/src/routes/health/+server.ts","statementMap":{"0":{"start":{"line":1,"column":0},"end":{"line":1,"column":37}},"1":{"start":{"line":4,"column":35},"end":{"line":10,"column":1}},"2":{"start":{"line":5,"column":2},"end":{"line":9,"column":5}},"3":{"start":{"line":4,"column":13},"end":{"line":4,"column":35}}},"fnMap":{"0":{"name":"(anonymous_0)","decl":{"start":{"line":4,"column":35},"end":{"line":4,"column":40}},"loc":{"start":{"line":4,"column":46},"end":{"line":10,"column":1}}}},"branchMap":{},"s":{"0":1,"1":1,"2":1,"3":1},"f":{"0":1},"b":{}}
}
