TN:
SF:src/lib/openai.ts
FN:13,reviewCode
FN:26,generateTests
FN:35,explainCode
FNF:3
FNH:3
FNDA:10,reviewCode
FNDA:6,generateTests
FNDA:7,explainCode
DA:1,1
DA:2,1
DA:4,1
DA:13,1
DA:14,10
DA:15,10
DA:23,9
DA:26,1
DA:27,6
DA:28,6
DA:32,5
DA:35,1
DA:36,7
DA:37,7
DA:41,6
LF:15
LH:15
BRDA:23,0,0,9
BRDA:23,0,1,1
BRDA:32,1,0,5
BRDA:32,1,1,3
BRDA:41,2,0,6
BRDA:41,2,1,3
BRF:6
BRH:6
end_of_record
TN:
SF:src/routes/api/explain/+server.ts
FN:4,POST
FNF:1
FNH:1
FNDA:11,POST
DA:1,1
DA:2,1
DA:4,1
DA:5,11
DA:6,11
DA:7,11
DA:8,8
DA:10,3
LF:8
LH:8
BRF:0
BRH:0
end_of_record
TN:
SF:src/routes/api/generate-tests/+server.ts
FN:4,POST
FNF:1
FNH:1
FNDA:11,POST
DA:1,1
DA:2,1
DA:4,1
DA:5,11
DA:6,11
DA:7,11
DA:8,8
DA:10,3
LF:8
LH:8
BRF:0
BRH:0
end_of_record
TN:
SF:src/routes/api/review/+server.ts
FN:4,POST
FNF:1
FNH:1
FNDA:10,POST
DA:1,1
DA:2,1
DA:4,1
DA:5,10
DA:6,10
DA:7,10
DA:8,7
DA:10,3
LF:8
LH:8
BRF:0
BRH:0
end_of_record
TN:
SF:src/routes/health/+server.ts
FN:4,(anonymous_0)
FNF:1
FNH:1
FNDA:1,(anonymous_0)
DA:1,1
DA:4,1
DA:5,1
LF:3
LH:3
BRF:0
BRH:0
end_of_record
